Determining if the pthread_create exist failed with the following output:
Change Dir: /home/roman/catkin_ws/src/monocular_odometry/cmake-build-debug/CMakeFiles/CMakeTmp

Run Build Command:"/usr/bin/make" "cmTC_1d86e/fast"
/usr/bin/make -f CMakeFiles/cmTC_1d86e.dir/build.make CMakeFiles/cmTC_1d86e.dir/build
make[1]: Entering directory '/home/roman/catkin_ws/src/monocular_odometry/cmake-build-debug/CMakeFiles/CMakeTmp'
Building C object CMakeFiles/cmTC_1d86e.dir/CheckSymbolExists.c.o
/usr/bin/cc    -o CMakeFiles/cmTC_1d86e.dir/CheckSymbolExists.c.o   -c /home/roman/catkin_ws/src/monocular_odometry/cmake-build-debug/CMakeFiles/CMakeTmp/CheckSymbolExists.c
Linking C executable cmTC_1d86e
/home/roman/clion-2017.2.2/bin/cmake/bin/cmake -E cmake_link_script CMakeFiles/cmTC_1d86e.dir/link.txt --verbose=1
/usr/bin/cc      -rdynamic CMakeFiles/cmTC_1d86e.dir/CheckSymbolExists.c.o  -o cmTC_1d86e 
CMakeFiles/cmTC_1d86e.dir/CheckSymbolExists.c.o: In function `main':
CheckSymbolExists.c:(.text+0x16): undefined reference to `pthread_create'
collect2: error: ld returned 1 exit status
CMakeFiles/cmTC_1d86e.dir/build.make:97: recipe for target 'cmTC_1d86e' failed
make[1]: *** [cmTC_1d86e] Error 1
make[1]: Leaving directory '/home/roman/catkin_ws/src/monocular_odometry/cmake-build-debug/CMakeFiles/CMakeTmp'
Makefile:126: recipe for target 'cmTC_1d86e/fast' failed
make: *** [cmTC_1d86e/fast] Error 2

File /home/roman/catkin_ws/src/monocular_odometry/cmake-build-debug/CMakeFiles/CMakeTmp/CheckSymbolExists.c:
/* */
#include <pthread.h>

int main(int argc, char** argv)
{
  (void)argv;
#ifndef pthread_create
  return ((int*)(&pthread_create))[argc];
#else
  (void)argc;
  return 0;
#endif
}

Determining if the function pthread_create exists in the pthreads failed with the following output:
Change Dir: /home/roman/catkin_ws/src/monocular_odometry/cmake-build-debug/CMakeFiles/CMakeTmp

Run Build Command:"/usr/bin/make" "cmTC_6b77e/fast"
/usr/bin/make -f CMakeFiles/cmTC_6b77e.dir/build.make CMakeFiles/cmTC_6b77e.dir/build
make[1]: Entering directory '/home/roman/catkin_ws/src/monocular_odometry/cmake-build-debug/CMakeFiles/CMakeTmp'
Building C object CMakeFiles/cmTC_6b77e.dir/CheckFunctionExists.c.o
/usr/bin/cc   -DCHECK_FUNCTION_EXISTS=pthread_create   -o CMakeFiles/cmTC_6b77e.dir/CheckFunctionExists.c.o   -c /home/roman/clion-2017.2.2/bin/cmake/share/cmake-3.9/Modules/CheckFunctionExists.c
Linking C executable cmTC_6b77e
/home/roman/clion-2017.2.2/bin/cmake/bin/cmake -E cmake_link_script CMakeFiles/cmTC_6b77e.dir/link.txt --verbose=1
/usr/bin/cc  -DCHECK_FUNCTION_EXISTS=pthread_create    -rdynamic CMakeFiles/cmTC_6b77e.dir/CheckFunctionExists.c.o  -o cmTC_6b77e -lpthreads 
/usr/bin/ld: cannot find -lpthreads
collect2: error: ld returned 1 exit status
CMakeFiles/cmTC_6b77e.dir/build.make:97: recipe for target 'cmTC_6b77e' failed
make[1]: *** [cmTC_6b77e] Error 1
make[1]: Leaving directory '/home/roman/catkin_ws/src/monocular_odometry/cmake-build-debug/CMakeFiles/CMakeTmp'
Makefile:126: recipe for target 'cmTC_6b77e/fast' failed
make: *** [cmTC_6b77e/fast] Error 2


